CRITICAL - 2022-07-07 05:07:14 --> Class 'App\Model' not found
in APPPATH\Models\LoketModel.php on line 7.
 1 SYSTEMPATH\Autoloader\Autoloader.php(284): include_once()
 2 SYSTEMPATH\Autoloader\Autoloader.php(261): CodeIgniter\Autoloader\Autoloader->includeFile('APPPATH\\Models\\LoketModel.php')
 3 SYSTEMPATH\Autoloader\Autoloader.php(239): CodeIgniter\Autoloader\Autoloader->loadInNamespace('App\\Models\\LoketModel')
 4 [internal function]: CodeIgniter\Autoloader\Autoloader->loadClass('App\\Models\\LoketModel')
 5 APPPATH\Controllers\Loket.php(12): spl_autoload_call('App\\Models\\LoketModel')
 6 SYSTEMPATH\CodeIgniter.php(860): App\Controllers\Loket->__construct()
 7 SYSTEMPATH\CodeIgniter.php(459): CodeIgniter\CodeIgniter->createController()
 8 SYSTEMPATH\CodeIgniter.php(351): CodeIgniter\CodeIgniter->handleRequest(null, Object(Config\Cache), false)
 9 FCPATH\index.php(55): CodeIgniter\CodeIgniter->run()
10 SYSTEMPATH\Commands\Server\rewrite.php(43): require_once('FCPATH\\index.php')
CRITICAL - 2022-07-07 05:09:34 --> Class 'App\Models\Model' not found
in APPPATH\Models\LoketModel.php on line 7.
 1 SYSTEMPATH\Autoloader\Autoloader.php(284): include_once()
 2 SYSTEMPATH\Autoloader\Autoloader.php(261): CodeIgniter\Autoloader\Autoloader->includeFile('APPPATH\\Models\\LoketModel.php')
 3 SYSTEMPATH\Autoloader\Autoloader.php(239): CodeIgniter\Autoloader\Autoloader->loadInNamespace('App\\Models\\LoketModel')
 4 [internal function]: CodeIgniter\Autoloader\Autoloader->loadClass('App\\Models\\LoketModel')
 5 APPPATH\Controllers\Loket.php(12): spl_autoload_call('App\\Models\\LoketModel')
 6 SYSTEMPATH\CodeIgniter.php(860): App\Controllers\Loket->__construct()
 7 SYSTEMPATH\CodeIgniter.php(459): CodeIgniter\CodeIgniter->createController()
 8 SYSTEMPATH\CodeIgniter.php(351): CodeIgniter\CodeIgniter->handleRequest(null, Object(Config\Cache), false)
 9 FCPATH\index.php(55): CodeIgniter\CodeIgniter->run()
10 SYSTEMPATH\Commands\Server\rewrite.php(43): require_once('FCPATH\\index.php')
CRITICAL - 2022-07-07 05:09:46 --> Class 'App\Models\Model' not found
in APPPATH\Models\LoketModel.php on line 7.
 1 SYSTEMPATH\Autoloader\Autoloader.php(284): include_once()
 2 SYSTEMPATH\Autoloader\Autoloader.php(261): CodeIgniter\Autoloader\Autoloader->includeFile('APPPATH\\Models\\LoketModel.php')
 3 SYSTEMPATH\Autoloader\Autoloader.php(239): CodeIgniter\Autoloader\Autoloader->loadInNamespace('App\\Models\\LoketModel')
 4 [internal function]: CodeIgniter\Autoloader\Autoloader->loadClass('App\\Models\\LoketModel')
 5 APPPATH\Controllers\Loket.php(12): spl_autoload_call('App\\Models\\LoketModel')
 6 SYSTEMPATH\CodeIgniter.php(860): App\Controllers\Loket->__construct()
 7 SYSTEMPATH\CodeIgniter.php(459): CodeIgniter\CodeIgniter->createController()
 8 SYSTEMPATH\CodeIgniter.php(351): CodeIgniter\CodeIgniter->handleRequest(null, Object(Config\Cache), false)
 9 FCPATH\index.php(55): CodeIgniter\CodeIgniter->run()
10 SYSTEMPATH\Commands\Server\rewrite.php(43): require_once('FCPATH\\index.php')
CRITICAL - 2022-07-07 05:10:16 --> Undefined index: id
in APPPATH\Views\loket\edit.php on line 8.
 1 APPPATH\Views\loket\edit.php(8): CodeIgniter\Debug\Exceptions->errorHandler(8, 'Undefined index: id', 'APPPATH\\Views\\loket\\edit.php', 8, [...])
 2 SYSTEMPATH\View\View.php(213): include('APPPATH\\Views\\loket\\edit.php')
 3 SYSTEMPATH\View\View.php(216): CodeIgniter\View\View->CodeIgniter\View\{closure}()
 4 SYSTEMPATH\Common.php(1135): CodeIgniter\View\View->render('loket/edit', [], true)
 5 APPPATH\Controllers\Loket.php(64): view('loket/edit', [...])
 6 SYSTEMPATH\CodeIgniter.php(898): App\Controllers\Loket->edit('ROOTPATH\\public')
 7 SYSTEMPATH\CodeIgniter.php(468): CodeIgniter\CodeIgniter->runController(Object(App\Controllers\Loket))
 8 SYSTEMPATH\CodeIgniter.php(351): CodeIgniter\CodeIgniter->handleRequest(null, Object(Config\Cache), false)
 9 FCPATH\index.php(55): CodeIgniter\CodeIgniter->run()
10 SYSTEMPATH\Commands\Server\rewrite.php(43): require_once('FCPATH\\index.php')
CRITICAL - 2022-07-07 05:14:36 --> Class 'App\Models\Models' not found
in APPPATH\Models\LoketModel.php on line 7.
 1 SYSTEMPATH\Autoloader\Autoloader.php(284): include_once()
 2 SYSTEMPATH\Autoloader\Autoloader.php(261): CodeIgniter\Autoloader\Autoloader->includeFile('APPPATH\\Models\\LoketModel.php')
 3 SYSTEMPATH\Autoloader\Autoloader.php(239): CodeIgniter\Autoloader\Autoloader->loadInNamespace('App\\Models\\LoketModel')
 4 [internal function]: CodeIgniter\Autoloader\Autoloader->loadClass('App\\Models\\LoketModel')
 5 APPPATH\Controllers\Loket.php(12): spl_autoload_call('App\\Models\\LoketModel')
 6 SYSTEMPATH\CodeIgniter.php(860): App\Controllers\Loket->__construct()
 7 SYSTEMPATH\CodeIgniter.php(459): CodeIgniter\CodeIgniter->createController()
 8 SYSTEMPATH\CodeIgniter.php(351): CodeIgniter\CodeIgniter->handleRequest(null, Object(Config\Cache), false)
 9 FCPATH\index.php(55): CodeIgniter\CodeIgniter->run()
10 SYSTEMPATH\Commands\Server\rewrite.php(43): require_once('FCPATH\\index.php')
CRITICAL - 2022-07-07 05:21:46 --> Class 'App\Models\Model' not found
in APPPATH\Models\LoketModel.php on line 7.
 1 SYSTEMPATH\Autoloader\Autoloader.php(284): include_once()
 2 SYSTEMPATH\Autoloader\Autoloader.php(261): CodeIgniter\Autoloader\Autoloader->includeFile('APPPATH\\Models\\LoketModel.php')
 3 SYSTEMPATH\Autoloader\Autoloader.php(239): CodeIgniter\Autoloader\Autoloader->loadInNamespace('App\\Models\\LoketModel')
 4 [internal function]: CodeIgniter\Autoloader\Autoloader->loadClass('App\\Models\\LoketModel')
 5 APPPATH\Controllers\Loket.php(12): spl_autoload_call('App\\Models\\LoketModel')
 6 SYSTEMPATH\CodeIgniter.php(860): App\Controllers\Loket->__construct()
 7 SYSTEMPATH\CodeIgniter.php(459): CodeIgniter\CodeIgniter->createController()
 8 SYSTEMPATH\CodeIgniter.php(351): CodeIgniter\CodeIgniter->handleRequest(null, Object(Config\Cache), false)
 9 FCPATH\index.php(55): CodeIgniter\CodeIgniter->run()
10 SYSTEMPATH\Commands\Server\rewrite.php(43): require_once('FCPATH\\index.php')
CRITICAL - 2022-07-07 05:27:28 --> Invalid file: /loket.php
in SYSTEMPATH\Exceptions\FrameworkException.php on line 33.
 1 SYSTEMPATH\View\View.php(201): CodeIgniter\Exceptions\FrameworkException::forInvalidFile('/loket.php')
 2 SYSTEMPATH\Common.php(1135): CodeIgniter\View\View->render('/loket', [], true)
 3 APPPATH\Controllers\Loket.php(24): view('/loket', [...])
 4 SYSTEMPATH\CodeIgniter.php(898): App\Controllers\Loket->index()
 5 SYSTEMPATH\CodeIgniter.php(468): CodeIgniter\CodeIgniter->runController(Object(App\Controllers\Loket))
 6 SYSTEMPATH\CodeIgniter.php(351): CodeIgniter\CodeIgniter->handleRequest(null, Object(Config\Cache), false)
 7 FCPATH\index.php(55): CodeIgniter\CodeIgniter->run()
 8 SYSTEMPATH\Commands\Server\rewrite.php(43): require_once('FCPATH\\index.php')
CRITICAL - 2022-07-07 05:30:17 --> syntax error, unexpected '$routes' (T_VARIABLE)
in APPPATH\Config\Routes.php on line 39.
 1 SYSTEMPATH\CodeIgniter.php(417): CodeIgniter\CodeIgniter->tryToRouteIt(null)
 2 SYSTEMPATH\CodeIgniter.php(351): CodeIgniter\CodeIgniter->handleRequest(null, Object(Config\Cache), false)
 3 FCPATH\index.php(55): CodeIgniter\CodeIgniter->run()
 4 SYSTEMPATH\Commands\Server\rewrite.php(43): require_once('FCPATH\\index.php')
